

Started GET "/assets/rails.png" for 127.0.0.1 at 2013-01-20 14:27:29 -0800
Connecting to database specified by database.yml
Served asset /rails.png - 200 OK (26ms)


Started GET "/" for 127.0.0.1 at 2013-01-20 14:48:07 -0800
Connecting to database specified by database.yml

ActionController::RoutingError (uninitialized constant ProjectsController):
  activesupport (3.2.11) lib/active_support/inflector/methods.rb:230:in `block in constantize'
  activesupport (3.2.11) lib/active_support/inflector/methods.rb:229:in `each'
  activesupport (3.2.11) lib/active_support/inflector/methods.rb:229:in `constantize'
  actionpack (3.2.11) lib/action_dispatch/routing/route_set.rb:69:in `controller_reference'
  actionpack (3.2.11) lib/action_dispatch/routing/route_set.rb:54:in `controller'
  actionpack (3.2.11) lib/action_dispatch/routing/route_set.rb:32:in `call'
  journey (1.0.4) lib/journey/router.rb:68:in `block in call'
  journey (1.0.4) lib/journey/router.rb:56:in `each'
  journey (1.0.4) lib/journey/router.rb:56:in `call'
  actionpack (3.2.11) lib/action_dispatch/routing/route_set.rb:601:in `call'
  actionpack (3.2.11) lib/action_dispatch/middleware/best_standards_support.rb:17:in `call'
  rack (1.4.4) lib/rack/etag.rb:23:in `call'
  rack (1.4.4) lib/rack/conditionalget.rb:25:in `call'
  actionpack (3.2.11) lib/action_dispatch/middleware/head.rb:14:in `call'
  actionpack (3.2.11) lib/action_dispatch/middleware/params_parser.rb:21:in `call'
  actionpack (3.2.11) lib/action_dispatch/middleware/flash.rb:242:in `call'
  rack (1.4.4) lib/rack/session/abstract/id.rb:210:in `context'
  rack (1.4.4) lib/rack/session/abstract/id.rb:205:in `call'
  actionpack (3.2.11) lib/action_dispatch/middleware/cookies.rb:341:in `call'
  activerecord (3.2.11) lib/active_record/query_cache.rb:64:in `call'
  activerecord (3.2.11) lib/active_record/connection_adapters/abstract/connection_pool.rb:479:in `call'
  actionpack (3.2.11) lib/action_dispatch/middleware/callbacks.rb:28:in `block in call'
  activesupport (3.2.11) lib/active_support/callbacks.rb:405:in `_run__1534649829995261699__call__202309885840212397__callbacks'
  activesupport (3.2.11) lib/active_support/callbacks.rb:405:in `__run_callback'
  activesupport (3.2.11) lib/active_support/callbacks.rb:385:in `_run_call_callbacks'
  activesupport (3.2.11) lib/active_support/callbacks.rb:81:in `run_callbacks'
  actionpack (3.2.11) lib/action_dispatch/middleware/callbacks.rb:27:in `call'
  actionpack (3.2.11) lib/action_dispatch/middleware/reloader.rb:65:in `call'
  actionpack (3.2.11) lib/action_dispatch/middleware/remote_ip.rb:31:in `call'
  actionpack (3.2.11) lib/action_dispatch/middleware/debug_exceptions.rb:16:in `call'
  actionpack (3.2.11) lib/action_dispatch/middleware/show_exceptions.rb:56:in `call'
  railties (3.2.11) lib/rails/rack/logger.rb:32:in `call_app'
  railties (3.2.11) lib/rails/rack/logger.rb:16:in `block in call'
  activesupport (3.2.11) lib/active_support/tagged_logging.rb:22:in `tagged'
  railties (3.2.11) lib/rails/rack/logger.rb:16:in `call'
  actionpack (3.2.11) lib/action_dispatch/middleware/request_id.rb:22:in `call'
  rack (1.4.4) lib/rack/methodoverride.rb:21:in `call'
  rack (1.4.4) lib/rack/runtime.rb:17:in `call'
  activesupport (3.2.11) lib/active_support/cache/strategy/local_cache.rb:72:in `call'
  rack (1.4.4) lib/rack/lock.rb:15:in `call'
  actionpack (3.2.11) lib/action_dispatch/middleware/static.rb:62:in `call'
  railties (3.2.11) lib/rails/engine.rb:479:in `call'
  railties (3.2.11) lib/rails/application.rb:223:in `call'
  rack (1.4.4) lib/rack/content_length.rb:14:in `call'
  railties (3.2.11) lib/rails/rack/log_tailer.rb:17:in `call'
  rack (1.4.4) lib/rack/handler/webrick.rb:59:in `service'
  /usr/local/rvm/rubies/ruby-1.9.3-p194/lib/ruby/1.9.1/webrick/httpserver.rb:138:in `service'
  /usr/local/rvm/rubies/ruby-1.9.3-p194/lib/ruby/1.9.1/webrick/httpserver.rb:94:in `run'
  /usr/local/rvm/rubies/ruby-1.9.3-p194/lib/ruby/1.9.1/webrick/server.rb:191:in `block in start_thread'


  Rendered /usr/local/rvm/gems/ruby-1.9.3-p194@rubyfall2012/gems/actionpack-3.2.11/lib/action_dispatch/middleware/templates/rescues/routing_error.erb within rescues/layout (3.7ms)


Started GET "/" for 127.0.0.1 at 2013-01-20 14:53:34 -0800
Connecting to database specified by database.yml
Processing by ProjectsController#index as HTML
  Rendered projects/index.html.erb within layouts/application (2.2ms)
Compiled application.css  (0ms)  (pid 16705)
Compiled jquery.js  (2ms)  (pid 16705)
Compiled jquery_ujs.js  (0ms)  (pid 16705)
Compiled projects.js  (74ms)  (pid 16705)
Compiled application.js  (128ms)  (pid 16705)
Completed 200 OK in 230ms (Views: 229.3ms | ActiveRecord: 0.0ms)


Started GET "/assets/application.css?body=1" for 127.0.0.1 at 2013-01-20 14:53:35 -0800
Served asset /application.css - 200 OK (2ms)


Started GET "/assets/application.js?body=1" for 127.0.0.1 at 2013-01-20 14:53:35 -0800
Served asset /application.js - 200 OK (6ms)


Started GET "/assets/jquery_ujs.js?body=1" for 127.0.0.1 at 2013-01-20 14:53:35 -0800
Served asset /jquery_ujs.js - 200 OK (2ms)


Started GET "/assets/projects.js?body=1" for 127.0.0.1 at 2013-01-20 14:53:35 -0800
Served asset /projects.js - 200 OK (1ms)


Started GET "/assets/jquery.js?body=1" for 127.0.0.1 at 2013-01-20 14:53:35 -0800
Served asset /jquery.js - 200 OK (25ms)


Started GET "/" for 127.0.0.1 at 2013-01-20 14:59:01 -0800
Connecting to database specified by database.yml
Processing by ProjectsController#index as HTML
  Rendered projects/index.html.erb within layouts/application (2.8ms)
Completed 200 OK in 26ms (Views: 26.1ms | ActiveRecord: 0.0ms)


Started GET "/assets/application.css?body=1" for 127.0.0.1 at 2013-01-20 14:59:02 -0800
Served asset /application.css - 304 Not Modified (2ms)


Started GET "/assets/jquery_ujs.js?body=1" for 127.0.0.1 at 2013-01-20 14:59:02 -0800
Served asset /jquery_ujs.js - 304 Not Modified (25ms)


Started GET "/assets/jquery.js?body=1" for 127.0.0.1 at 2013-01-20 14:59:02 -0800
Served asset /jquery.js - 304 Not Modified (3ms)


Started GET "/assets/application.js?body=1" for 127.0.0.1 at 2013-01-20 14:59:02 -0800
Served asset /application.js - 304 Not Modified (5ms)


Started GET "/assets/projects.js?body=1" for 127.0.0.1 at 2013-01-20 14:59:02 -0800
Served asset /projects.js - 304 Not Modified (1ms)


Started GET "/projects/new" for 127.0.0.1 at 2013-01-20 14:59:04 -0800

AbstractController::ActionNotFound (The action 'new' could not be found for ProjectsController):
  actionpack (3.2.11) lib/abstract_controller/base.rb:116:in `process'
  actionpack (3.2.11) lib/abstract_controller/rendering.rb:45:in `process'
  actionpack (3.2.11) lib/action_controller/metal.rb:203:in `dispatch'
  actionpack (3.2.11) lib/action_controller/metal/rack_delegation.rb:14:in `dispatch'
  actionpack (3.2.11) lib/action_controller/metal.rb:246:in `block in action'
  actionpack (3.2.11) lib/action_dispatch/routing/route_set.rb:73:in `call'
  actionpack (3.2.11) lib/action_dispatch/routing/route_set.rb:73:in `dispatch'
  actionpack (3.2.11) lib/action_dispatch/routing/route_set.rb:36:in `call'
  journey (1.0.4) lib/journey/router.rb:68:in `block in call'
  journey (1.0.4) lib/journey/router.rb:56:in `each'
  journey (1.0.4) lib/journey/router.rb:56:in `call'
  actionpack (3.2.11) lib/action_dispatch/routing/route_set.rb:601:in `call'
  actionpack (3.2.11) lib/action_dispatch/middleware/best_standards_support.rb:17:in `call'
  rack (1.4.4) lib/rack/etag.rb:23:in `call'
  rack (1.4.4) lib/rack/conditionalget.rb:25:in `call'
  actionpack (3.2.11) lib/action_dispatch/middleware/head.rb:14:in `call'
  actionpack (3.2.11) lib/action_dispatch/middleware/params_parser.rb:21:in `call'
  actionpack (3.2.11) lib/action_dispatch/middleware/flash.rb:242:in `call'
  rack (1.4.4) lib/rack/session/abstract/id.rb:210:in `context'
  rack (1.4.4) lib/rack/session/abstract/id.rb:205:in `call'
  actionpack (3.2.11) lib/action_dispatch/middleware/cookies.rb:341:in `call'
  activerecord (3.2.11) lib/active_record/query_cache.rb:64:in `call'
  activerecord (3.2.11) lib/active_record/connection_adapters/abstract/connection_pool.rb:479:in `call'
  actionpack (3.2.11) lib/action_dispatch/middleware/callbacks.rb:28:in `block in call'
  activesupport (3.2.11) lib/active_support/callbacks.rb:405:in `_run__4018953243079346983__call__660244298987504092__callbacks'
  activesupport (3.2.11) lib/active_support/callbacks.rb:405:in `__run_callback'
  activesupport (3.2.11) lib/active_support/callbacks.rb:385:in `_run_call_callbacks'
  activesupport (3.2.11) lib/active_support/callbacks.rb:81:in `run_callbacks'
  actionpack (3.2.11) lib/action_dispatch/middleware/callbacks.rb:27:in `call'
  actionpack (3.2.11) lib/action_dispatch/middleware/reloader.rb:65:in `call'
  actionpack (3.2.11) lib/action_dispatch/middleware/remote_ip.rb:31:in `call'
  actionpack (3.2.11) lib/action_dispatch/middleware/debug_exceptions.rb:16:in `call'
  actionpack (3.2.11) lib/action_dispatch/middleware/show_exceptions.rb:56:in `call'
  railties (3.2.11) lib/rails/rack/logger.rb:32:in `call_app'
  railties (3.2.11) lib/rails/rack/logger.rb:16:in `block in call'
  activesupport (3.2.11) lib/active_support/tagged_logging.rb:22:in `tagged'
  railties (3.2.11) lib/rails/rack/logger.rb:16:in `call'
  actionpack (3.2.11) lib/action_dispatch/middleware/request_id.rb:22:in `call'
  rack (1.4.4) lib/rack/methodoverride.rb:21:in `call'
  rack (1.4.4) lib/rack/runtime.rb:17:in `call'
  activesupport (3.2.11) lib/active_support/cache/strategy/local_cache.rb:72:in `call'
  rack (1.4.4) lib/rack/lock.rb:15:in `call'
  actionpack (3.2.11) lib/action_dispatch/middleware/static.rb:62:in `call'
  railties (3.2.11) lib/rails/engine.rb:479:in `call'
  railties (3.2.11) lib/rails/application.rb:223:in `call'
  rack (1.4.4) lib/rack/content_length.rb:14:in `call'
  railties (3.2.11) lib/rails/rack/log_tailer.rb:17:in `call'
  rack (1.4.4) lib/rack/handler/webrick.rb:59:in `service'
  /usr/local/rvm/rubies/ruby-1.9.3-p194/lib/ruby/1.9.1/webrick/httpserver.rb:138:in `service'
  /usr/local/rvm/rubies/ruby-1.9.3-p194/lib/ruby/1.9.1/webrick/httpserver.rb:94:in `run'
  /usr/local/rvm/rubies/ruby-1.9.3-p194/lib/ruby/1.9.1/webrick/server.rb:191:in `block in start_thread'


  Rendered /usr/local/rvm/gems/ruby-1.9.3-p194@rubyfall2012/gems/actionpack-3.2.11/lib/action_dispatch/middleware/templates/rescues/unknown_action.erb within rescues/layout (0.5ms)
Connecting to database specified by database.yml
Connecting to database specified by database.yml
  [1m[36m (0.2ms)[0m  [1mselect sqlite_version(*)[0m
  [1m[35m (4.3ms)[0m  CREATE TABLE "schema_migrations" ("version" varchar(255) NOT NULL) 
  [1m[36m (1.3ms)[0m  [1mCREATE UNIQUE INDEX "unique_schema_migrations" ON "schema_migrations" ("version")[0m
  [1m[35m (0.1ms)[0m  SELECT "schema_migrations"."version" FROM "schema_migrations" 
Migrating to CreateProjects (20130120230123)
  [1m[36m (0.0ms)[0m  [1mbegin transaction[0m
  [1m[35m (0.5ms)[0m  CREATE TABLE "projects" ("id" INTEGER PRIMARY KEY AUTOINCREMENT NOT NULL, "name" varchar(255), "description" varchar(255), "created_at" datetime NOT NULL, "updated_at" datetime NOT NULL) 
  [1m[36m (0.1ms)[0m  [1mINSERT INTO "schema_migrations" ("version") VALUES ('20130120230123')[0m
  [1m[35m (0.8ms)[0m  commit transaction
  [1m[36m (0.1ms)[0m  [1mSELECT "schema_migrations"."version" FROM "schema_migrations" [0m
Connecting to database specified by database.yml
  [1m[36m (0.1ms)[0m  [1mSELECT "schema_migrations"."version" FROM "schema_migrations" [0m
  [1m[35m (0.2ms)[0m  select sqlite_version(*)
  [1m[36m (1.3ms)[0m  [1mCREATE TABLE "projects" ("id" INTEGER PRIMARY KEY AUTOINCREMENT NOT NULL, "name" varchar(255), "description" varchar(255), "created_at" datetime NOT NULL, "updated_at" datetime NOT NULL) [0m
  [1m[35m (0.8ms)[0m  CREATE TABLE "schema_migrations" ("version" varchar(255) NOT NULL) 
  [1m[36m (1.1ms)[0m  [1mCREATE UNIQUE INDEX "unique_schema_migrations" ON "schema_migrations" ("version")[0m
  [1m[35m (0.1ms)[0m  SELECT version FROM "schema_migrations"
  [1m[36m (1.0ms)[0m  [1mINSERT INTO "schema_migrations" (version) VALUES ('20130120230123')[0m


Started GET "/" for 127.0.0.1 at 2013-01-20 15:14:41 -0800
Connecting to database specified by database.yml

SyntaxError (/Users/brianward/Sites/ticketee/app/controllers/projects_controller.rb:12: syntax error, unexpected tIDENTIFIER, expecting keyword_do or '{' or '('
    @project = Project.new(params[:project]) <co id="ch03_551_1"/>
                                                   ^
/Users/brianward/Sites/ticketee/app/controllers/projects_controller.rb:12: syntax error, unexpected '>'):
  activesupport (3.2.11) lib/active_support/dependencies.rb:469:in `load'
  activesupport (3.2.11) lib/active_support/dependencies.rb:469:in `block in load_file'
  activesupport (3.2.11) lib/active_support/dependencies.rb:639:in `new_constants_in'
  activesupport (3.2.11) lib/active_support/dependencies.rb:468:in `load_file'
  activesupport (3.2.11) lib/active_support/dependencies.rb:353:in `require_or_load'
  activesupport (3.2.11) lib/active_support/dependencies.rb:502:in `load_missing_constant'
  activesupport (3.2.11) lib/active_support/dependencies.rb:192:in `block in const_missing'
  activesupport (3.2.11) lib/active_support/dependencies.rb:190:in `each'
  activesupport (3.2.11) lib/active_support/dependencies.rb:190:in `const_missing'
  activesupport (3.2.11) lib/active_support/inflector/methods.rb:230:in `block in constantize'
  activesupport (3.2.11) lib/active_support/inflector/methods.rb:229:in `each'
  activesupport (3.2.11) lib/active_support/inflector/methods.rb:229:in `constantize'
  activesupport (3.2.11) lib/active_support/dependencies.rb:554:in `get'
  actionpack (3.2.11) lib/action_dispatch/routing/route_set.rb:69:in `controller_reference'
  actionpack (3.2.11) lib/action_dispatch/routing/route_set.rb:54:in `controller'
  actionpack (3.2.11) lib/action_dispatch/routing/route_set.rb:32:in `call'
  journey (1.0.4) lib/journey/router.rb:68:in `block in call'
  journey (1.0.4) lib/journey/router.rb:56:in `each'
  journey (1.0.4) lib/journey/router.rb:56:in `call'
  actionpack (3.2.11) lib/action_dispatch/routing/route_set.rb:601:in `call'
  actionpack (3.2.11) lib/action_dispatch/middleware/best_standards_support.rb:17:in `call'
  rack (1.4.4) lib/rack/etag.rb:23:in `call'
  rack (1.4.4) lib/rack/conditionalget.rb:25:in `call'
  actionpack (3.2.11) lib/action_dispatch/middleware/head.rb:14:in `call'
  actionpack (3.2.11) lib/action_dispatch/middleware/params_parser.rb:21:in `call'
  actionpack (3.2.11) lib/action_dispatch/middleware/flash.rb:242:in `call'
  rack (1.4.4) lib/rack/session/abstract/id.rb:210:in `context'
  rack (1.4.4) lib/rack/session/abstract/id.rb:205:in `call'
  actionpack (3.2.11) lib/action_dispatch/middleware/cookies.rb:341:in `call'
  activerecord (3.2.11) lib/active_record/query_cache.rb:64:in `call'
  activerecord (3.2.11) lib/active_record/connection_adapters/abstract/connection_pool.rb:479:in `call'
  actionpack (3.2.11) lib/action_dispatch/middleware/callbacks.rb:28:in `block in call'
  activesupport (3.2.11) lib/active_support/callbacks.rb:405:in `_run__1881647967025766153__call__3787454741563022310__callbacks'
  activesupport (3.2.11) lib/active_support/callbacks.rb:405:in `__run_callback'
  activesupport (3.2.11) lib/active_support/callbacks.rb:385:in `_run_call_callbacks'
  activesupport (3.2.11) lib/active_support/callbacks.rb:81:in `run_callbacks'
  actionpack (3.2.11) lib/action_dispatch/middleware/callbacks.rb:27:in `call'
  actionpack (3.2.11) lib/action_dispatch/middleware/reloader.rb:65:in `call'
  actionpack (3.2.11) lib/action_dispatch/middleware/remote_ip.rb:31:in `call'
  actionpack (3.2.11) lib/action_dispatch/middleware/debug_exceptions.rb:16:in `call'
  actionpack (3.2.11) lib/action_dispatch/middleware/show_exceptions.rb:56:in `call'
  railties (3.2.11) lib/rails/rack/logger.rb:32:in `call_app'
  railties (3.2.11) lib/rails/rack/logger.rb:16:in `block in call'
  activesupport (3.2.11) lib/active_support/tagged_logging.rb:22:in `tagged'
  railties (3.2.11) lib/rails/rack/logger.rb:16:in `call'
  actionpack (3.2.11) lib/action_dispatch/middleware/request_id.rb:22:in `call'
  rack (1.4.4) lib/rack/methodoverride.rb:21:in `call'
  rack (1.4.4) lib/rack/runtime.rb:17:in `call'
  activesupport (3.2.11) lib/active_support/cache/strategy/local_cache.rb:72:in `call'
  rack (1.4.4) lib/rack/lock.rb:15:in `call'
  actionpack (3.2.11) lib/action_dispatch/middleware/static.rb:62:in `call'
  railties (3.2.11) lib/rails/engine.rb:479:in `call'
  railties (3.2.11) lib/rails/application.rb:223:in `call'
  rack (1.4.4) lib/rack/content_length.rb:14:in `call'
  railties (3.2.11) lib/rails/rack/log_tailer.rb:17:in `call'
  rack (1.4.4) lib/rack/handler/webrick.rb:59:in `service'
  /usr/local/rvm/rubies/ruby-1.9.3-p194/lib/ruby/1.9.1/webrick/httpserver.rb:138:in `service'
  /usr/local/rvm/rubies/ruby-1.9.3-p194/lib/ruby/1.9.1/webrick/httpserver.rb:94:in `run'
  /usr/local/rvm/rubies/ruby-1.9.3-p194/lib/ruby/1.9.1/webrick/server.rb:191:in `block in start_thread'


  Rendered /usr/local/rvm/gems/ruby-1.9.3-p194@rubyfall2012/gems/actionpack-3.2.11/lib/action_dispatch/middleware/templates/rescues/_trace.erb (2.3ms)
  Rendered /usr/local/rvm/gems/ruby-1.9.3-p194@rubyfall2012/gems/actionpack-3.2.11/lib/action_dispatch/middleware/templates/rescues/_request_and_response.erb (3.0ms)
  Rendered /usr/local/rvm/gems/ruby-1.9.3-p194@rubyfall2012/gems/actionpack-3.2.11/lib/action_dispatch/middleware/templates/rescues/diagnostics.erb within rescues/layout (16.9ms)


Started GET "/" for 127.0.0.1 at 2013-01-20 15:15:22 -0800

SyntaxError (/Users/brianward/Sites/ticketee/app/controllers/projects_controller.rb:12: syntax error, unexpected tIDENTIFIER, expecting keyword_do or '{' or '('
    @project = Project.new(params[:project]) <co id="ch03_551_1"/>
                                                   ^
/Users/brianward/Sites/ticketee/app/controllers/projects_controller.rb:12: syntax error, unexpected '>'):
  activesupport (3.2.11) lib/active_support/dependencies.rb:469:in `load'
  activesupport (3.2.11) lib/active_support/dependencies.rb:469:in `block in load_file'
  activesupport (3.2.11) lib/active_support/dependencies.rb:639:in `new_constants_in'
  activesupport (3.2.11) lib/active_support/dependencies.rb:468:in `load_file'
  activesupport (3.2.11) lib/active_support/dependencies.rb:353:in `require_or_load'
  activesupport (3.2.11) lib/active_support/dependencies.rb:502:in `load_missing_constant'
  activesupport (3.2.11) lib/active_support/dependencies.rb:192:in `block in const_missing'
  activesupport (3.2.11) lib/active_support/dependencies.rb:190:in `each'
  activesupport (3.2.11) lib/active_support/dependencies.rb:190:in `const_missing'
  activesupport (3.2.11) lib/active_support/inflector/methods.rb:230:in `block in constantize'
  activesupport (3.2.11) lib/active_support/inflector/methods.rb:229:in `each'
  activesupport (3.2.11) lib/active_support/inflector/methods.rb:229:in `constantize'
  activesupport (3.2.11) lib/active_support/dependencies.rb:554:in `get'
  actionpack (3.2.11) lib/action_dispatch/routing/route_set.rb:69:in `controller_reference'
  actionpack (3.2.11) lib/action_dispatch/routing/route_set.rb:54:in `controller'
  actionpack (3.2.11) lib/action_dispatch/routing/route_set.rb:32:in `call'
  journey (1.0.4) lib/journey/router.rb:68:in `block in call'
  journey (1.0.4) lib/journey/router.rb:56:in `each'
  journey (1.0.4) lib/journey/router.rb:56:in `call'
  actionpack (3.2.11) lib/action_dispatch/routing/route_set.rb:601:in `call'
  actionpack (3.2.11) lib/action_dispatch/middleware/best_standards_support.rb:17:in `call'
  rack (1.4.4) lib/rack/etag.rb:23:in `call'
  rack (1.4.4) lib/rack/conditionalget.rb:25:in `call'
  actionpack (3.2.11) lib/action_dispatch/middleware/head.rb:14:in `call'
  actionpack (3.2.11) lib/action_dispatch/middleware/params_parser.rb:21:in `call'
  actionpack (3.2.11) lib/action_dispatch/middleware/flash.rb:242:in `call'
  rack (1.4.4) lib/rack/session/abstract/id.rb:210:in `context'
  rack (1.4.4) lib/rack/session/abstract/id.rb:205:in `call'
  actionpack (3.2.11) lib/action_dispatch/middleware/cookies.rb:341:in `call'
  activerecord (3.2.11) lib/active_record/query_cache.rb:64:in `call'
  activerecord (3.2.11) lib/active_record/connection_adapters/abstract/connection_pool.rb:479:in `call'
  actionpack (3.2.11) lib/action_dispatch/middleware/callbacks.rb:28:in `block in call'
  activesupport (3.2.11) lib/active_support/callbacks.rb:405:in `_run__1881647967025766153__call__3787454741563022310__callbacks'
  activesupport (3.2.11) lib/active_support/callbacks.rb:405:in `__run_callback'
  activesupport (3.2.11) lib/active_support/callbacks.rb:385:in `_run_call_callbacks'
  activesupport (3.2.11) lib/active_support/callbacks.rb:81:in `run_callbacks'
  actionpack (3.2.11) lib/action_dispatch/middleware/callbacks.rb:27:in `call'
  actionpack (3.2.11) lib/action_dispatch/middleware/reloader.rb:65:in `call'
  actionpack (3.2.11) lib/action_dispatch/middleware/remote_ip.rb:31:in `call'
  actionpack (3.2.11) lib/action_dispatch/middleware/debug_exceptions.rb:16:in `call'
  actionpack (3.2.11) lib/action_dispatch/middleware/show_exceptions.rb:56:in `call'
  railties (3.2.11) lib/rails/rack/logger.rb:32:in `call_app'
  railties (3.2.11) lib/rails/rack/logger.rb:16:in `block in call'
  activesupport (3.2.11) lib/active_support/tagged_logging.rb:22:in `tagged'
  railties (3.2.11) lib/rails/rack/logger.rb:16:in `call'
  actionpack (3.2.11) lib/action_dispatch/middleware/request_id.rb:22:in `call'
  rack (1.4.4) lib/rack/methodoverride.rb:21:in `call'
  rack (1.4.4) lib/rack/runtime.rb:17:in `call'
  activesupport (3.2.11) lib/active_support/cache/strategy/local_cache.rb:72:in `call'
  rack (1.4.4) lib/rack/lock.rb:15:in `call'
  actionpack (3.2.11) lib/action_dispatch/middleware/static.rb:62:in `call'
  railties (3.2.11) lib/rails/engine.rb:479:in `call'
  railties (3.2.11) lib/rails/application.rb:223:in `call'
  rack (1.4.4) lib/rack/content_length.rb:14:in `call'
  railties (3.2.11) lib/rails/rack/log_tailer.rb:17:in `call'
  rack (1.4.4) lib/rack/handler/webrick.rb:59:in `service'
  /usr/local/rvm/rubies/ruby-1.9.3-p194/lib/ruby/1.9.1/webrick/httpserver.rb:138:in `service'
  /usr/local/rvm/rubies/ruby-1.9.3-p194/lib/ruby/1.9.1/webrick/httpserver.rb:94:in `run'
  /usr/local/rvm/rubies/ruby-1.9.3-p194/lib/ruby/1.9.1/webrick/server.rb:191:in `block in start_thread'


  Rendered /usr/local/rvm/gems/ruby-1.9.3-p194@rubyfall2012/gems/actionpack-3.2.11/lib/action_dispatch/middleware/templates/rescues/_trace.erb (1.6ms)
  Rendered /usr/local/rvm/gems/ruby-1.9.3-p194@rubyfall2012/gems/actionpack-3.2.11/lib/action_dispatch/middleware/templates/rescues/_request_and_response.erb (1.1ms)
  Rendered /usr/local/rvm/gems/ruby-1.9.3-p194@rubyfall2012/gems/actionpack-3.2.11/lib/action_dispatch/middleware/templates/rescues/diagnostics.erb within rescues/layout (10.4ms)


Started GET "/" for 127.0.0.1 at 2013-01-20 15:15:46 -0800
Processing by ProjectsController#index as HTML
  Rendered projects/index.html.erb within layouts/application (0.9ms)
Completed 200 OK in 22ms (Views: 21.3ms | ActiveRecord: 0.0ms)


Started GET "/assets/application.css?body=1" for 127.0.0.1 at 2013-01-20 15:15:46 -0800
Served asset /application.css - 304 Not Modified (4ms)


Started GET "/assets/jquery.js?body=1" for 127.0.0.1 at 2013-01-20 15:15:46 -0800
Served asset /jquery.js - 304 Not Modified (2ms)


Started GET "/assets/jquery_ujs.js?body=1" for 127.0.0.1 at 2013-01-20 15:15:46 -0800
Served asset /jquery_ujs.js - 304 Not Modified (2ms)


Started GET "/assets/application.js?body=1" for 127.0.0.1 at 2013-01-20 15:15:46 -0800
Served asset /application.js - 304 Not Modified (5ms)


Started GET "/assets/projects.js?body=1" for 127.0.0.1 at 2013-01-20 15:15:46 -0800
Served asset /projects.js - 304 Not Modified (2ms)


Started GET "/projects/new" for 127.0.0.1 at 2013-01-20 15:15:48 -0800
Processing by ProjectsController#new as HTML
  Rendered projects/new.html.erb within layouts/application (10.8ms)
Completed 200 OK in 72ms (Views: 15.3ms | ActiveRecord: 1.9ms)


Started GET "/assets/application.css?body=1" for 127.0.0.1 at 2013-01-20 15:15:48 -0800
Served asset /application.css - 304 Not Modified (0ms)


Started GET "/assets/jquery_ujs.js?body=1" for 127.0.0.1 at 2013-01-20 15:15:48 -0800
Served asset /jquery_ujs.js - 304 Not Modified (0ms)


Started GET "/assets/application.js?body=1" for 127.0.0.1 at 2013-01-20 15:15:48 -0800
Served asset /application.js - 304 Not Modified (0ms)


Started GET "/assets/jquery.js?body=1" for 127.0.0.1 at 2013-01-20 15:15:48 -0800
Served asset /jquery.js - 304 Not Modified (0ms)


Started GET "/assets/projects.js?body=1" for 127.0.0.1 at 2013-01-20 15:15:48 -0800
Served asset /projects.js - 304 Not Modified (0ms)


Started POST "/projects" for 127.0.0.1 at 2013-01-20 15:24:42 -0800
Processing by ProjectsController#create as HTML
  Parameters: {"utf8"=>"✓", "authenticity_token"=>"8WhYpC6cYLl5JWM3FWFGvN3MwkMoNBPqktz0d0MOJDc=", "project"=>{"name"=>"Test Project", "description"=>"this is a test project"}, "commit"=>"Create Project"}
  [1m[36m (0.1ms)[0m  [1mbegin transaction[0m
  [1m[35mSQL (8.9ms)[0m  INSERT INTO "projects" ("created_at", "description", "name", "updated_at") VALUES (?, ?, ?, ?)  [["created_at", Sun, 20 Jan 2013 23:24:42 UTC +00:00], ["description", "this is a test project"], ["name", "Test Project"], ["updated_at", Sun, 20 Jan 2013 23:24:42 UTC +00:00]]
  [1m[36m (1.0ms)[0m  [1mcommit transaction[0m
Redirected to http://localhost:3000/projects/1
Completed 302 Found in 24ms (ActiveRecord: 10.5ms)


Started GET "/projects/1" for 127.0.0.1 at 2013-01-20 15:24:42 -0800
Processing by ProjectsController#show as HTML
  Parameters: {"id"=>"1"}
  [1m[35mProject Load (0.3ms)[0m  SELECT "projects".* FROM "projects" WHERE "projects"."id" = ? LIMIT 1  [["id", "1"]]
  Rendered projects/show.html.erb within layouts/application (0.4ms)
Completed 200 OK in 29ms (Views: 26.1ms | ActiveRecord: 0.3ms)


Started GET "/assets/application.css?body=1" for 127.0.0.1 at 2013-01-20 15:24:42 -0800
Served asset /application.css - 304 Not Modified (0ms)


Started GET "/assets/jquery.js?body=1" for 127.0.0.1 at 2013-01-20 15:24:42 -0800
Served asset /jquery.js - 304 Not Modified (0ms)


Started GET "/assets/jquery_ujs.js?body=1" for 127.0.0.1 at 2013-01-20 15:24:42 -0800
Served asset /jquery_ujs.js - 304 Not Modified (0ms)


Started GET "/assets/application.js?body=1" for 127.0.0.1 at 2013-01-20 15:24:42 -0800
Served asset /application.js - 304 Not Modified (0ms)


Started GET "/assets/projects.js?body=1" for 127.0.0.1 at 2013-01-20 15:24:42 -0800
Served asset /projects.js - 304 Not Modified (0ms)


Started GET "/projects/1" for 127.0.0.1 at 2013-01-20 15:24:47 -0800
Processing by ProjectsController#show as HTML
  Parameters: {"id"=>"1"}
  [1m[36mProject Load (0.1ms)[0m  [1mSELECT "projects".* FROM "projects" WHERE "projects"."id" = ? LIMIT 1[0m  [["id", "1"]]
  Rendered projects/show.html.erb within layouts/application (0.1ms)
Completed 200 OK in 7ms (Views: 5.3ms | ActiveRecord: 0.1ms)


Started GET "/assets/jquery_ujs.js?body=1" for 127.0.0.1 at 2013-01-20 15:24:48 -0800
Served asset /jquery_ujs.js - 304 Not Modified (0ms)


Started GET "/assets/projects.js?body=1" for 127.0.0.1 at 2013-01-20 15:24:48 -0800
Served asset /projects.js - 304 Not Modified (0ms)


Started GET "/assets/jquery.js?body=1" for 127.0.0.1 at 2013-01-20 15:24:48 -0800
Served asset /jquery.js - 304 Not Modified (0ms)


Started GET "/assets/application.js?body=1" for 127.0.0.1 at 2013-01-20 15:24:48 -0800
Served asset /application.js - 304 Not Modified (0ms)


Started GET "/assets/application.css?body=1" for 127.0.0.1 at 2013-01-20 15:24:48 -0800
Served asset /application.css - 304 Not Modified (0ms)


Started GET "/projects/" for 127.0.0.1 at 2013-01-20 15:24:51 -0800
Processing by ProjectsController#index as HTML
  Rendered projects/index.html.erb within layouts/application (0.5ms)
Completed 200 OK in 6ms (Views: 5.3ms | ActiveRecord: 0.0ms)


Started GET "/assets/application.css?body=1" for 127.0.0.1 at 2013-01-20 15:24:51 -0800
Served asset /application.css - 304 Not Modified (0ms)


Started GET "/assets/application.js?body=1" for 127.0.0.1 at 2013-01-20 15:24:51 -0800
Served asset /application.js - 304 Not Modified (0ms)


Started GET "/assets/jquery.js?body=1" for 127.0.0.1 at 2013-01-20 15:24:51 -0800
Served asset /jquery.js - 304 Not Modified (0ms)


Started GET "/assets/projects.js?body=1" for 127.0.0.1 at 2013-01-20 15:24:51 -0800
Served asset /projects.js - 304 Not Modified (0ms)


Started GET "/assets/jquery_ujs.js?body=1" for 127.0.0.1 at 2013-01-20 15:24:51 -0800
Served asset /jquery_ujs.js - 304 Not Modified (0ms)


Started GET "/projects/" for 127.0.0.1 at 2013-01-20 15:24:53 -0800
Processing by ProjectsController#index as HTML
  Rendered projects/index.html.erb within layouts/application (0.3ms)
Completed 200 OK in 5ms (Views: 4.5ms | ActiveRecord: 0.0ms)


Started GET "/assets/application.css?body=1" for 127.0.0.1 at 2013-01-20 15:24:53 -0800
Served asset /application.css - 304 Not Modified (0ms)


Started GET "/assets/jquery.js?body=1" for 127.0.0.1 at 2013-01-20 15:24:53 -0800
Served asset /jquery.js - 304 Not Modified (0ms)


Started GET "/assets/application.js?body=1" for 127.0.0.1 at 2013-01-20 15:24:53 -0800
Served asset /application.js - 304 Not Modified (0ms)


Started GET "/assets/jquery_ujs.js?body=1" for 127.0.0.1 at 2013-01-20 15:24:53 -0800
Served asset /jquery_ujs.js - 304 Not Modified (0ms)


Started GET "/assets/projects.js?body=1" for 127.0.0.1 at 2013-01-20 15:24:53 -0800
Served asset /projects.js - 304 Not Modified (0ms)
Connecting to database specified by database.yml


Started GET "/" for 127.0.0.1 at 2013-01-20 15:51:01 -0800
Connecting to database specified by database.yml

SyntaxError (/Users/brianward/Sites/ticketee/app/controllers/projects_controller.rb:25: syntax error, unexpected $end, expecting keyword_end):
  activesupport (3.2.11) lib/active_support/dependencies.rb:469:in `load'
  activesupport (3.2.11) lib/active_support/dependencies.rb:469:in `block in load_file'
  activesupport (3.2.11) lib/active_support/dependencies.rb:639:in `new_constants_in'
  activesupport (3.2.11) lib/active_support/dependencies.rb:468:in `load_file'
  activesupport (3.2.11) lib/active_support/dependencies.rb:353:in `require_or_load'
  activesupport (3.2.11) lib/active_support/dependencies.rb:502:in `load_missing_constant'
  activesupport (3.2.11) lib/active_support/dependencies.rb:192:in `block in const_missing'
  activesupport (3.2.11) lib/active_support/dependencies.rb:190:in `each'
  activesupport (3.2.11) lib/active_support/dependencies.rb:190:in `const_missing'
  activesupport (3.2.11) lib/active_support/inflector/methods.rb:230:in `block in constantize'
  activesupport (3.2.11) lib/active_support/inflector/methods.rb:229:in `each'
  activesupport (3.2.11) lib/active_support/inflector/methods.rb:229:in `constantize'
  activesupport (3.2.11) lib/active_support/dependencies.rb:554:in `get'
  actionpack (3.2.11) lib/action_dispatch/routing/route_set.rb:69:in `controller_reference'
  actionpack (3.2.11) lib/action_dispatch/routing/route_set.rb:54:in `controller'
  actionpack (3.2.11) lib/action_dispatch/routing/route_set.rb:32:in `call'
  journey (1.0.4) lib/journey/router.rb:68:in `block in call'
  journey (1.0.4) lib/journey/router.rb:56:in `each'
  journey (1.0.4) lib/journey/router.rb:56:in `call'
  actionpack (3.2.11) lib/action_dispatch/routing/route_set.rb:601:in `call'
  actionpack (3.2.11) lib/action_dispatch/middleware/best_standards_support.rb:17:in `call'
  rack (1.4.4) lib/rack/etag.rb:23:in `call'
  rack (1.4.4) lib/rack/conditionalget.rb:25:in `call'
  actionpack (3.2.11) lib/action_dispatch/middleware/head.rb:14:in `call'
  actionpack (3.2.11) lib/action_dispatch/middleware/params_parser.rb:21:in `call'
  actionpack (3.2.11) lib/action_dispatch/middleware/flash.rb:242:in `call'
  rack (1.4.4) lib/rack/session/abstract/id.rb:210:in `context'
  rack (1.4.4) lib/rack/session/abstract/id.rb:205:in `call'
  actionpack (3.2.11) lib/action_dispatch/middleware/cookies.rb:341:in `call'
  activerecord (3.2.11) lib/active_record/query_cache.rb:64:in `call'
  activerecord (3.2.11) lib/active_record/connection_adapters/abstract/connection_pool.rb:479:in `call'
  actionpack (3.2.11) lib/action_dispatch/middleware/callbacks.rb:28:in `block in call'
  activesupport (3.2.11) lib/active_support/callbacks.rb:405:in `_run__2917692389814672949__call__4105709657381668817__callbacks'
  activesupport (3.2.11) lib/active_support/callbacks.rb:405:in `__run_callback'
  activesupport (3.2.11) lib/active_support/callbacks.rb:385:in `_run_call_callbacks'
  activesupport (3.2.11) lib/active_support/callbacks.rb:81:in `run_callbacks'
  actionpack (3.2.11) lib/action_dispatch/middleware/callbacks.rb:27:in `call'
  actionpack (3.2.11) lib/action_dispatch/middleware/reloader.rb:65:in `call'
  actionpack (3.2.11) lib/action_dispatch/middleware/remote_ip.rb:31:in `call'
  actionpack (3.2.11) lib/action_dispatch/middleware/debug_exceptions.rb:16:in `call'
  actionpack (3.2.11) lib/action_dispatch/middleware/show_exceptions.rb:56:in `call'
  railties (3.2.11) lib/rails/rack/logger.rb:32:in `call_app'
  railties (3.2.11) lib/rails/rack/logger.rb:16:in `block in call'
  activesupport (3.2.11) lib/active_support/tagged_logging.rb:22:in `tagged'
  railties (3.2.11) lib/rails/rack/logger.rb:16:in `call'
  actionpack (3.2.11) lib/action_dispatch/middleware/request_id.rb:22:in `call'
  rack (1.4.4) lib/rack/methodoverride.rb:21:in `call'
  rack (1.4.4) lib/rack/runtime.rb:17:in `call'
  activesupport (3.2.11) lib/active_support/cache/strategy/local_cache.rb:72:in `call'
  rack (1.4.4) lib/rack/lock.rb:15:in `call'
  actionpack (3.2.11) lib/action_dispatch/middleware/static.rb:62:in `call'
  railties (3.2.11) lib/rails/engine.rb:479:in `call'
  railties (3.2.11) lib/rails/application.rb:223:in `call'
  rack (1.4.4) lib/rack/content_length.rb:14:in `call'
  railties (3.2.11) lib/rails/rack/log_tailer.rb:17:in `call'
  rack (1.4.4) lib/rack/handler/webrick.rb:59:in `service'
  /usr/local/rvm/rubies/ruby-1.9.3-p194/lib/ruby/1.9.1/webrick/httpserver.rb:138:in `service'
  /usr/local/rvm/rubies/ruby-1.9.3-p194/lib/ruby/1.9.1/webrick/httpserver.rb:94:in `run'
  /usr/local/rvm/rubies/ruby-1.9.3-p194/lib/ruby/1.9.1/webrick/server.rb:191:in `block in start_thread'


  Rendered /usr/local/rvm/gems/ruby-1.9.3-p194@rubyfall2012/gems/actionpack-3.2.11/lib/action_dispatch/middleware/templates/rescues/_trace.erb (1.7ms)
  Rendered /usr/local/rvm/gems/ruby-1.9.3-p194@rubyfall2012/gems/actionpack-3.2.11/lib/action_dispatch/middleware/templates/rescues/_request_and_response.erb (3.1ms)
  Rendered /usr/local/rvm/gems/ruby-1.9.3-p194@rubyfall2012/gems/actionpack-3.2.11/lib/action_dispatch/middleware/templates/rescues/diagnostics.erb within rescues/layout (14.9ms)


Started GET "/" for 127.0.0.1 at 2013-01-20 15:51:03 -0800

SyntaxError (/Users/brianward/Sites/ticketee/app/controllers/projects_controller.rb:25: syntax error, unexpected $end, expecting keyword_end):
  activesupport (3.2.11) lib/active_support/dependencies.rb:469:in `load'
  activesupport (3.2.11) lib/active_support/dependencies.rb:469:in `block in load_file'
  activesupport (3.2.11) lib/active_support/dependencies.rb:639:in `new_constants_in'
  activesupport (3.2.11) lib/active_support/dependencies.rb:468:in `load_file'
  activesupport (3.2.11) lib/active_support/dependencies.rb:353:in `require_or_load'
  activesupport (3.2.11) lib/active_support/dependencies.rb:502:in `load_missing_constant'
  activesupport (3.2.11) lib/active_support/dependencies.rb:192:in `block in const_missing'
  activesupport (3.2.11) lib/active_support/dependencies.rb:190:in `each'
  activesupport (3.2.11) lib/active_support/dependencies.rb:190:in `const_missing'
  activesupport (3.2.11) lib/active_support/inflector/methods.rb:230:in `block in constantize'
  activesupport (3.2.11) lib/active_support/inflector/methods.rb:229:in `each'
  activesupport (3.2.11) lib/active_support/inflector/methods.rb:229:in `constantize'
  activesupport (3.2.11) lib/active_support/dependencies.rb:554:in `get'
  actionpack (3.2.11) lib/action_dispatch/routing/route_set.rb:69:in `controller_reference'
  actionpack (3.2.11) lib/action_dispatch/routing/route_set.rb:54:in `controller'
  actionpack (3.2.11) lib/action_dispatch/routing/route_set.rb:32:in `call'
  journey (1.0.4) lib/journey/router.rb:68:in `block in call'
  journey (1.0.4) lib/journey/router.rb:56:in `each'
  journey (1.0.4) lib/journey/router.rb:56:in `call'
  actionpack (3.2.11) lib/action_dispatch/routing/route_set.rb:601:in `call'
  actionpack (3.2.11) lib/action_dispatch/middleware/best_standards_support.rb:17:in `call'
  rack (1.4.4) lib/rack/etag.rb:23:in `call'
  rack (1.4.4) lib/rack/conditionalget.rb:25:in `call'
  actionpack (3.2.11) lib/action_dispatch/middleware/head.rb:14:in `call'
  actionpack (3.2.11) lib/action_dispatch/middleware/params_parser.rb:21:in `call'
  actionpack (3.2.11) lib/action_dispatch/middleware/flash.rb:242:in `call'
  rack (1.4.4) lib/rack/session/abstract/id.rb:210:in `context'
  rack (1.4.4) lib/rack/session/abstract/id.rb:205:in `call'
  actionpack (3.2.11) lib/action_dispatch/middleware/cookies.rb:341:in `call'
  activerecord (3.2.11) lib/active_record/query_cache.rb:64:in `call'
  activerecord (3.2.11) lib/active_record/connection_adapters/abstract/connection_pool.rb:479:in `call'
  actionpack (3.2.11) lib/action_dispatch/middleware/callbacks.rb:28:in `block in call'
  activesupport (3.2.11) lib/active_support/callbacks.rb:405:in `_run__2917692389814672949__call__4105709657381668817__callbacks'
  activesupport (3.2.11) lib/active_support/callbacks.rb:405:in `__run_callback'
  activesupport (3.2.11) lib/active_support/callbacks.rb:385:in `_run_call_callbacks'
  activesupport (3.2.11) lib/active_support/callbacks.rb:81:in `run_callbacks'
  actionpack (3.2.11) lib/action_dispatch/middleware/callbacks.rb:27:in `call'
  actionpack (3.2.11) lib/action_dispatch/middleware/reloader.rb:65:in `call'
  actionpack (3.2.11) lib/action_dispatch/middleware/remote_ip.rb:31:in `call'
  actionpack (3.2.11) lib/action_dispatch/middleware/debug_exceptions.rb:16:in `call'
  actionpack (3.2.11) lib/action_dispatch/middleware/show_exceptions.rb:56:in `call'
  railties (3.2.11) lib/rails/rack/logger.rb:32:in `call_app'
  railties (3.2.11) lib/rails/rack/logger.rb:16:in `block in call'
  activesupport (3.2.11) lib/active_support/tagged_logging.rb:22:in `tagged'
  railties (3.2.11) lib/rails/rack/logger.rb:16:in `call'
  actionpack (3.2.11) lib/action_dispatch/middleware/request_id.rb:22:in `call'
  rack (1.4.4) lib/rack/methodoverride.rb:21:in `call'
  rack (1.4.4) lib/rack/runtime.rb:17:in `call'
  activesupport (3.2.11) lib/active_support/cache/strategy/local_cache.rb:72:in `call'
  rack (1.4.4) lib/rack/lock.rb:15:in `call'
  actionpack (3.2.11) lib/action_dispatch/middleware/static.rb:62:in `call'
  railties (3.2.11) lib/rails/engine.rb:479:in `call'
  railties (3.2.11) lib/rails/application.rb:223:in `call'
  rack (1.4.4) lib/rack/content_length.rb:14:in `call'
  railties (3.2.11) lib/rails/rack/log_tailer.rb:17:in `call'
  rack (1.4.4) lib/rack/handler/webrick.rb:59:in `service'
  /usr/local/rvm/rubies/ruby-1.9.3-p194/lib/ruby/1.9.1/webrick/httpserver.rb:138:in `service'
  /usr/local/rvm/rubies/ruby-1.9.3-p194/lib/ruby/1.9.1/webrick/httpserver.rb:94:in `run'
  /usr/local/rvm/rubies/ruby-1.9.3-p194/lib/ruby/1.9.1/webrick/server.rb:191:in `block in start_thread'


  Rendered /usr/local/rvm/gems/ruby-1.9.3-p194@rubyfall2012/gems/actionpack-3.2.11/lib/action_dispatch/middleware/templates/rescues/_trace.erb (1.7ms)
  Rendered /usr/local/rvm/gems/ruby-1.9.3-p194@rubyfall2012/gems/actionpack-3.2.11/lib/action_dispatch/middleware/templates/rescues/_request_and_response.erb (1.2ms)
  Rendered /usr/local/rvm/gems/ruby-1.9.3-p194@rubyfall2012/gems/actionpack-3.2.11/lib/action_dispatch/middleware/templates/rescues/diagnostics.erb within rescues/layout (10.7ms)


Started GET "/projects/" for 127.0.0.1 at 2013-01-20 15:51:08 -0800

SyntaxError (/Users/brianward/Sites/ticketee/app/controllers/projects_controller.rb:25: syntax error, unexpected $end, expecting keyword_end):
  activesupport (3.2.11) lib/active_support/dependencies.rb:469:in `load'
  activesupport (3.2.11) lib/active_support/dependencies.rb:469:in `block in load_file'
  activesupport (3.2.11) lib/active_support/dependencies.rb:639:in `new_constants_in'
  activesupport (3.2.11) lib/active_support/dependencies.rb:468:in `load_file'
  activesupport (3.2.11) lib/active_support/dependencies.rb:353:in `require_or_load'
  activesupport (3.2.11) lib/active_support/dependencies.rb:502:in `load_missing_constant'
  activesupport (3.2.11) lib/active_support/dependencies.rb:192:in `block in const_missing'
  activesupport (3.2.11) lib/active_support/dependencies.rb:190:in `each'
  activesupport (3.2.11) lib/active_support/dependencies.rb:190:in `const_missing'
  activesupport (3.2.11) lib/active_support/inflector/methods.rb:230:in `block in constantize'
  activesupport (3.2.11) lib/active_support/inflector/methods.rb:229:in `each'
  activesupport (3.2.11) lib/active_support/inflector/methods.rb:229:in `constantize'
  activesupport (3.2.11) lib/active_support/dependencies.rb:554:in `get'
  actionpack (3.2.11) lib/action_dispatch/routing/route_set.rb:69:in `controller_reference'
  actionpack (3.2.11) lib/action_dispatch/routing/route_set.rb:54:in `controller'
  actionpack (3.2.11) lib/action_dispatch/routing/route_set.rb:32:in `call'
  journey (1.0.4) lib/journey/router.rb:68:in `block in call'
  journey (1.0.4) lib/journey/router.rb:56:in `each'
  journey (1.0.4) lib/journey/router.rb:56:in `call'
  actionpack (3.2.11) lib/action_dispatch/routing/route_set.rb:601:in `call'
  actionpack (3.2.11) lib/action_dispatch/middleware/best_standards_support.rb:17:in `call'
  rack (1.4.4) lib/rack/etag.rb:23:in `call'
  rack (1.4.4) lib/rack/conditionalget.rb:25:in `call'
  actionpack (3.2.11) lib/action_dispatch/middleware/head.rb:14:in `call'
  actionpack (3.2.11) lib/action_dispatch/middleware/params_parser.rb:21:in `call'
  actionpack (3.2.11) lib/action_dispatch/middleware/flash.rb:242:in `call'
  rack (1.4.4) lib/rack/session/abstract/id.rb:210:in `context'
  rack (1.4.4) lib/rack/session/abstract/id.rb:205:in `call'
  actionpack (3.2.11) lib/action_dispatch/middleware/cookies.rb:341:in `call'
  activerecord (3.2.11) lib/active_record/query_cache.rb:64:in `call'
  activerecord (3.2.11) lib/active_record/connection_adapters/abstract/connection_pool.rb:479:in `call'
  actionpack (3.2.11) lib/action_dispatch/middleware/callbacks.rb:28:in `block in call'
  activesupport (3.2.11) lib/active_support/callbacks.rb:405:in `_run__2917692389814672949__call__4105709657381668817__callbacks'
  activesupport (3.2.11) lib/active_support/callbacks.rb:405:in `__run_callback'
  activesupport (3.2.11) lib/active_support/callbacks.rb:385:in `_run_call_callbacks'
  activesupport (3.2.11) lib/active_support/callbacks.rb:81:in `run_callbacks'
  actionpack (3.2.11) lib/action_dispatch/middleware/callbacks.rb:27:in `call'
  actionpack (3.2.11) lib/action_dispatch/middleware/reloader.rb:65:in `call'
  actionpack (3.2.11) lib/action_dispatch/middleware/remote_ip.rb:31:in `call'
  actionpack (3.2.11) lib/action_dispatch/middleware/debug_exceptions.rb:16:in `call'
  actionpack (3.2.11) lib/action_dispatch/middleware/show_exceptions.rb:56:in `call'
  railties (3.2.11) lib/rails/rack/logger.rb:32:in `call_app'
  railties (3.2.11) lib/rails/rack/logger.rb:16:in `block in call'
  activesupport (3.2.11) lib/active_support/tagged_logging.rb:22:in `tagged'
  railties (3.2.11) lib/rails/rack/logger.rb:16:in `call'
  actionpack (3.2.11) lib/action_dispatch/middleware/request_id.rb:22:in `call'
  rack (1.4.4) lib/rack/methodoverride.rb:21:in `call'
  rack (1.4.4) lib/rack/runtime.rb:17:in `call'
  activesupport (3.2.11) lib/active_support/cache/strategy/local_cache.rb:72:in `call'
  rack (1.4.4) lib/rack/lock.rb:15:in `call'
  actionpack (3.2.11) lib/action_dispatch/middleware/static.rb:62:in `call'
  railties (3.2.11) lib/rails/engine.rb:479:in `call'
  railties (3.2.11) lib/rails/application.rb:223:in `call'
  rack (1.4.4) lib/rack/content_length.rb:14:in `call'
  railties (3.2.11) lib/rails/rack/log_tailer.rb:17:in `call'
  rack (1.4.4) lib/rack/handler/webrick.rb:59:in `service'
  /usr/local/rvm/rubies/ruby-1.9.3-p194/lib/ruby/1.9.1/webrick/httpserver.rb:138:in `service'
  /usr/local/rvm/rubies/ruby-1.9.3-p194/lib/ruby/1.9.1/webrick/httpserver.rb:94:in `run'
  /usr/local/rvm/rubies/ruby-1.9.3-p194/lib/ruby/1.9.1/webrick/server.rb:191:in `block in start_thread'


  Rendered /usr/local/rvm/gems/ruby-1.9.3-p194@rubyfall2012/gems/actionpack-3.2.11/lib/action_dispatch/middleware/templates/rescues/_trace.erb (1.6ms)
  Rendered /usr/local/rvm/gems/ruby-1.9.3-p194@rubyfall2012/gems/actionpack-3.2.11/lib/action_dispatch/middleware/templates/rescues/_request_and_response.erb (1.2ms)
  Rendered /usr/local/rvm/gems/ruby-1.9.3-p194@rubyfall2012/gems/actionpack-3.2.11/lib/action_dispatch/middleware/templates/rescues/diagnostics.erb within rescues/layout (11.4ms)


Started GET "/projects/" for 127.0.0.1 at 2013-01-20 15:51:11 -0800

SyntaxError (/Users/brianward/Sites/ticketee/app/controllers/projects_controller.rb:25: syntax error, unexpected $end, expecting keyword_end):
  activesupport (3.2.11) lib/active_support/dependencies.rb:469:in `load'
  activesupport (3.2.11) lib/active_support/dependencies.rb:469:in `block in load_file'
  activesupport (3.2.11) lib/active_support/dependencies.rb:639:in `new_constants_in'
  activesupport (3.2.11) lib/active_support/dependencies.rb:468:in `load_file'
  activesupport (3.2.11) lib/active_support/dependencies.rb:353:in `require_or_load'
  activesupport (3.2.11) lib/active_support/dependencies.rb:502:in `load_missing_constant'
  activesupport (3.2.11) lib/active_support/dependencies.rb:192:in `block in const_missing'
  activesupport (3.2.11) lib/active_support/dependencies.rb:190:in `each'
  activesupport (3.2.11) lib/active_support/dependencies.rb:190:in `const_missing'
  activesupport (3.2.11) lib/active_support/inflector/methods.rb:230:in `block in constantize'
  activesupport (3.2.11) lib/active_support/inflector/methods.rb:229:in `each'
  activesupport (3.2.11) lib/active_support/inflector/methods.rb:229:in `constantize'
  activesupport (3.2.11) lib/active_support/dependencies.rb:554:in `get'
  actionpack (3.2.11) lib/action_dispatch/routing/route_set.rb:69:in `controller_reference'
  actionpack (3.2.11) lib/action_dispatch/routing/route_set.rb:54:in `controller'
  actionpack (3.2.11) lib/action_dispatch/routing/route_set.rb:32:in `call'
  journey (1.0.4) lib/journey/router.rb:68:in `block in call'
  journey (1.0.4) lib/journey/router.rb:56:in `each'
  journey (1.0.4) lib/journey/router.rb:56:in `call'
  actionpack (3.2.11) lib/action_dispatch/routing/route_set.rb:601:in `call'
  actionpack (3.2.11) lib/action_dispatch/middleware/best_standards_support.rb:17:in `call'
  rack (1.4.4) lib/rack/etag.rb:23:in `call'
  rack (1.4.4) lib/rack/conditionalget.rb:25:in `call'
  actionpack (3.2.11) lib/action_dispatch/middleware/head.rb:14:in `call'
  actionpack (3.2.11) lib/action_dispatch/middleware/params_parser.rb:21:in `call'
  actionpack (3.2.11) lib/action_dispatch/middleware/flash.rb:242:in `call'
  rack (1.4.4) lib/rack/session/abstract/id.rb:210:in `context'
  rack (1.4.4) lib/rack/session/abstract/id.rb:205:in `call'
  actionpack (3.2.11) lib/action_dispatch/middleware/cookies.rb:341:in `call'
  activerecord (3.2.11) lib/active_record/query_cache.rb:64:in `call'
  activerecord (3.2.11) lib/active_record/connection_adapters/abstract/connection_pool.rb:479:in `call'
  actionpack (3.2.11) lib/action_dispatch/middleware/callbacks.rb:28:in `block in call'
  activesupport (3.2.11) lib/active_support/callbacks.rb:405:in `_run__2917692389814672949__call__4105709657381668817__callbacks'
  activesupport (3.2.11) lib/active_support/callbacks.rb:405:in `__run_callback'
  activesupport (3.2.11) lib/active_support/callbacks.rb:385:in `_run_call_callbacks'
  activesupport (3.2.11) lib/active_support/callbacks.rb:81:in `run_callbacks'
  actionpack (3.2.11) lib/action_dispatch/middleware/callbacks.rb:27:in `call'
  actionpack (3.2.11) lib/action_dispatch/middleware/reloader.rb:65:in `call'
  actionpack (3.2.11) lib/action_dispatch/middleware/remote_ip.rb:31:in `call'
  actionpack (3.2.11) lib/action_dispatch/middleware/debug_exceptions.rb:16:in `call'
  actionpack (3.2.11) lib/action_dispatch/middleware/show_exceptions.rb:56:in `call'
  railties (3.2.11) lib/rails/rack/logger.rb:32:in `call_app'
  railties (3.2.11) lib/rails/rack/logger.rb:16:in `block in call'
  activesupport (3.2.11) lib/active_support/tagged_logging.rb:22:in `tagged'
  railties (3.2.11) lib/rails/rack/logger.rb:16:in `call'
  actionpack (3.2.11) lib/action_dispatch/middleware/request_id.rb:22:in `call'
  rack (1.4.4) lib/rack/methodoverride.rb:21:in `call'
  rack (1.4.4) lib/rack/runtime.rb:17:in `call'
  activesupport (3.2.11) lib/active_support/cache/strategy/local_cache.rb:72:in `call'
  rack (1.4.4) lib/rack/lock.rb:15:in `call'
  actionpack (3.2.11) lib/action_dispatch/middleware/static.rb:62:in `call'
  railties (3.2.11) lib/rails/engine.rb:479:in `call'
  railties (3.2.11) lib/rails/application.rb:223:in `call'
  rack (1.4.4) lib/rack/content_length.rb:14:in `call'
  railties (3.2.11) lib/rails/rack/log_tailer.rb:17:in `call'
  rack (1.4.4) lib/rack/handler/webrick.rb:59:in `service'
  /usr/local/rvm/rubies/ruby-1.9.3-p194/lib/ruby/1.9.1/webrick/httpserver.rb:138:in `service'
  /usr/local/rvm/rubies/ruby-1.9.3-p194/lib/ruby/1.9.1/webrick/httpserver.rb:94:in `run'
  /usr/local/rvm/rubies/ruby-1.9.3-p194/lib/ruby/1.9.1/webrick/server.rb:191:in `block in start_thread'


  Rendered /usr/local/rvm/gems/ruby-1.9.3-p194@rubyfall2012/gems/actionpack-3.2.11/lib/action_dispatch/middleware/templates/rescues/_trace.erb (2.0ms)
  Rendered /usr/local/rvm/gems/ruby-1.9.3-p194@rubyfall2012/gems/actionpack-3.2.11/lib/action_dispatch/middleware/templates/rescues/_request_and_response.erb (1.2ms)
  Rendered /usr/local/rvm/gems/ruby-1.9.3-p194@rubyfall2012/gems/actionpack-3.2.11/lib/action_dispatch/middleware/templates/rescues/diagnostics.erb within rescues/layout (13.0ms)


Started GET "/projects/" for 127.0.0.1 at 2013-01-20 15:52:29 -0800
Connecting to database specified by database.yml

SyntaxError (/Users/brianward/Sites/ticketee/app/controllers/projects_controller.rb:25: syntax error, unexpected $end, expecting keyword_end):
  activesupport (3.2.11) lib/active_support/dependencies.rb:469:in `load'
  activesupport (3.2.11) lib/active_support/dependencies.rb:469:in `block in load_file'
  activesupport (3.2.11) lib/active_support/dependencies.rb:639:in `new_constants_in'
  activesupport (3.2.11) lib/active_support/dependencies.rb:468:in `load_file'
  activesupport (3.2.11) lib/active_support/dependencies.rb:353:in `require_or_load'
  activesupport (3.2.11) lib/active_support/dependencies.rb:502:in `load_missing_constant'
  activesupport (3.2.11) lib/active_support/dependencies.rb:192:in `block in const_missing'
  activesupport (3.2.11) lib/active_support/dependencies.rb:190:in `each'
  activesupport (3.2.11) lib/active_support/dependencies.rb:190:in `const_missing'
  activesupport (3.2.11) lib/active_support/inflector/methods.rb:230:in `block in constantize'
  activesupport (3.2.11) lib/active_support/inflector/methods.rb:229:in `each'
  activesupport (3.2.11) lib/active_support/inflector/methods.rb:229:in `constantize'
  activesupport (3.2.11) lib/active_support/dependencies.rb:554:in `get'
  actionpack (3.2.11) lib/action_dispatch/routing/route_set.rb:69:in `controller_reference'
  actionpack (3.2.11) lib/action_dispatch/routing/route_set.rb:54:in `controller'
  actionpack (3.2.11) lib/action_dispatch/routing/route_set.rb:32:in `call'
  journey (1.0.4) lib/journey/router.rb:68:in `block in call'
  journey (1.0.4) lib/journey/router.rb:56:in `each'
  journey (1.0.4) lib/journey/router.rb:56:in `call'
  actionpack (3.2.11) lib/action_dispatch/routing/route_set.rb:601:in `call'
  actionpack (3.2.11) lib/action_dispatch/middleware/best_standards_support.rb:17:in `call'
  rack (1.4.4) lib/rack/etag.rb:23:in `call'
  rack (1.4.4) lib/rack/conditionalget.rb:25:in `call'
  actionpack (3.2.11) lib/action_dispatch/middleware/head.rb:14:in `call'
  actionpack (3.2.11) lib/action_dispatch/middleware/params_parser.rb:21:in `call'
  actionpack (3.2.11) lib/action_dispatch/middleware/flash.rb:242:in `call'
  rack (1.4.4) lib/rack/session/abstract/id.rb:210:in `context'
  rack (1.4.4) lib/rack/session/abstract/id.rb:205:in `call'
  actionpack (3.2.11) lib/action_dispatch/middleware/cookies.rb:341:in `call'
  activerecord (3.2.11) lib/active_record/query_cache.rb:64:in `call'
  activerecord (3.2.11) lib/active_record/connection_adapters/abstract/connection_pool.rb:479:in `call'
  actionpack (3.2.11) lib/action_dispatch/middleware/callbacks.rb:28:in `block in call'
  activesupport (3.2.11) lib/active_support/callbacks.rb:405:in `_run__1987151485695025267__call__1977677752829919833__callbacks'
  activesupport (3.2.11) lib/active_support/callbacks.rb:405:in `__run_callback'
  activesupport (3.2.11) lib/active_support/callbacks.rb:385:in `_run_call_callbacks'
  activesupport (3.2.11) lib/active_support/callbacks.rb:81:in `run_callbacks'
  actionpack (3.2.11) lib/action_dispatch/middleware/callbacks.rb:27:in `call'
  actionpack (3.2.11) lib/action_dispatch/middleware/reloader.rb:65:in `call'
  actionpack (3.2.11) lib/action_dispatch/middleware/remote_ip.rb:31:in `call'
  actionpack (3.2.11) lib/action_dispatch/middleware/debug_exceptions.rb:16:in `call'
  actionpack (3.2.11) lib/action_dispatch/middleware/show_exceptions.rb:56:in `call'
  railties (3.2.11) lib/rails/rack/logger.rb:32:in `call_app'
  railties (3.2.11) lib/rails/rack/logger.rb:16:in `block in call'
  activesupport (3.2.11) lib/active_support/tagged_logging.rb:22:in `tagged'
  railties (3.2.11) lib/rails/rack/logger.rb:16:in `call'
  actionpack (3.2.11) lib/action_dispatch/middleware/request_id.rb:22:in `call'
  rack (1.4.4) lib/rack/methodoverride.rb:21:in `call'
  rack (1.4.4) lib/rack/runtime.rb:17:in `call'
  activesupport (3.2.11) lib/active_support/cache/strategy/local_cache.rb:72:in `call'
  rack (1.4.4) lib/rack/lock.rb:15:in `call'
  actionpack (3.2.11) lib/action_dispatch/middleware/static.rb:62:in `call'
  railties (3.2.11) lib/rails/engine.rb:479:in `call'
  railties (3.2.11) lib/rails/application.rb:223:in `call'
  rack (1.4.4) lib/rack/content_length.rb:14:in `call'
  railties (3.2.11) lib/rails/rack/log_tailer.rb:17:in `call'
  rack (1.4.4) lib/rack/handler/webrick.rb:59:in `service'
  /usr/local/rvm/rubies/ruby-1.9.3-p194/lib/ruby/1.9.1/webrick/httpserver.rb:138:in `service'
  /usr/local/rvm/rubies/ruby-1.9.3-p194/lib/ruby/1.9.1/webrick/httpserver.rb:94:in `run'
  /usr/local/rvm/rubies/ruby-1.9.3-p194/lib/ruby/1.9.1/webrick/server.rb:191:in `block in start_thread'


  Rendered /usr/local/rvm/gems/ruby-1.9.3-p194@rubyfall2012/gems/actionpack-3.2.11/lib/action_dispatch/middleware/templates/rescues/_trace.erb (1.6ms)
  Rendered /usr/local/rvm/gems/ruby-1.9.3-p194@rubyfall2012/gems/actionpack-3.2.11/lib/action_dispatch/middleware/templates/rescues/_request_and_response.erb (2.8ms)
  Rendered /usr/local/rvm/gems/ruby-1.9.3-p194@rubyfall2012/gems/actionpack-3.2.11/lib/action_dispatch/middleware/templates/rescues/diagnostics.erb within rescues/layout (13.5ms)


Started GET "/projects/index" for 127.0.0.1 at 2013-01-20 15:52:39 -0800

SyntaxError (/Users/brianward/Sites/ticketee/app/controllers/projects_controller.rb:25: syntax error, unexpected $end, expecting keyword_end):
  activesupport (3.2.11) lib/active_support/dependencies.rb:469:in `load'
  activesupport (3.2.11) lib/active_support/dependencies.rb:469:in `block in load_file'
  activesupport (3.2.11) lib/active_support/dependencies.rb:639:in `new_constants_in'
  activesupport (3.2.11) lib/active_support/dependencies.rb:468:in `load_file'
  activesupport (3.2.11) lib/active_support/dependencies.rb:353:in `require_or_load'
  activesupport (3.2.11) lib/active_support/dependencies.rb:502:in `load_missing_constant'
  activesupport (3.2.11) lib/active_support/dependencies.rb:192:in `block in const_missing'
  activesupport (3.2.11) lib/active_support/dependencies.rb:190:in `each'
  activesupport (3.2.11) lib/active_support/dependencies.rb:190:in `const_missing'
  activesupport (3.2.11) lib/active_support/inflector/methods.rb:230:in `block in constantize'
  activesupport (3.2.11) lib/active_support/inflector/methods.rb:229:in `each'
  activesupport (3.2.11) lib/active_support/inflector/methods.rb:229:in `constantize'
  activesupport (3.2.11) lib/active_support/dependencies.rb:554:in `get'
  actionpack (3.2.11) lib/action_dispatch/routing/route_set.rb:69:in `controller_reference'
  actionpack (3.2.11) lib/action_dispatch/routing/route_set.rb:54:in `controller'
  actionpack (3.2.11) lib/action_dispatch/routing/route_set.rb:32:in `call'
  journey (1.0.4) lib/journey/router.rb:68:in `block in call'
  journey (1.0.4) lib/journey/router.rb:56:in `each'
  journey (1.0.4) lib/journey/router.rb:56:in `call'
  actionpack (3.2.11) lib/action_dispatch/routing/route_set.rb:601:in `call'
  actionpack (3.2.11) lib/action_dispatch/middleware/best_standards_support.rb:17:in `call'
  rack (1.4.4) lib/rack/etag.rb:23:in `call'
  rack (1.4.4) lib/rack/conditionalget.rb:25:in `call'
  actionpack (3.2.11) lib/action_dispatch/middleware/head.rb:14:in `call'
  actionpack (3.2.11) lib/action_dispatch/middleware/params_parser.rb:21:in `call'
  actionpack (3.2.11) lib/action_dispatch/middleware/flash.rb:242:in `call'
  rack (1.4.4) lib/rack/session/abstract/id.rb:210:in `context'
  rack (1.4.4) lib/rack/session/abstract/id.rb:205:in `call'
  actionpack (3.2.11) lib/action_dispatch/middleware/cookies.rb:341:in `call'
  activerecord (3.2.11) lib/active_record/query_cache.rb:64:in `call'
  activerecord (3.2.11) lib/active_record/connection_adapters/abstract/connection_pool.rb:479:in `call'
  actionpack (3.2.11) lib/action_dispatch/middleware/callbacks.rb:28:in `block in call'
  activesupport (3.2.11) lib/active_support/callbacks.rb:405:in `_run__1987151485695025267__call__1977677752829919833__callbacks'
  activesupport (3.2.11) lib/active_support/callbacks.rb:405:in `__run_callback'
  activesupport (3.2.11) lib/active_support/callbacks.rb:385:in `_run_call_callbacks'
  activesupport (3.2.11) lib/active_support/callbacks.rb:81:in `run_callbacks'
  actionpack (3.2.11) lib/action_dispatch/middleware/callbacks.rb:27:in `call'
  actionpack (3.2.11) lib/action_dispatch/middleware/reloader.rb:65:in `call'
  actionpack (3.2.11) lib/action_dispatch/middleware/remote_ip.rb:31:in `call'
  actionpack (3.2.11) lib/action_dispatch/middleware/debug_exceptions.rb:16:in `call'
  actionpack (3.2.11) lib/action_dispatch/middleware/show_exceptions.rb:56:in `call'
  railties (3.2.11) lib/rails/rack/logger.rb:32:in `call_app'
  railties (3.2.11) lib/rails/rack/logger.rb:16:in `block in call'
  activesupport (3.2.11) lib/active_support/tagged_logging.rb:22:in `tagged'
  railties (3.2.11) lib/rails/rack/logger.rb:16:in `call'
  actionpack (3.2.11) lib/action_dispatch/middleware/request_id.rb:22:in `call'
  rack (1.4.4) lib/rack/methodoverride.rb:21:in `call'
  rack (1.4.4) lib/rack/runtime.rb:17:in `call'
  activesupport (3.2.11) lib/active_support/cache/strategy/local_cache.rb:72:in `call'
  rack (1.4.4) lib/rack/lock.rb:15:in `call'
  actionpack (3.2.11) lib/action_dispatch/middleware/static.rb:62:in `call'
  railties (3.2.11) lib/rails/engine.rb:479:in `call'
  railties (3.2.11) lib/rails/application.rb:223:in `call'
  rack (1.4.4) lib/rack/content_length.rb:14:in `call'
  railties (3.2.11) lib/rails/rack/log_tailer.rb:17:in `call'
  rack (1.4.4) lib/rack/handler/webrick.rb:59:in `service'
  /usr/local/rvm/rubies/ruby-1.9.3-p194/lib/ruby/1.9.1/webrick/httpserver.rb:138:in `service'
  /usr/local/rvm/rubies/ruby-1.9.3-p194/lib/ruby/1.9.1/webrick/httpserver.rb:94:in `run'
  /usr/local/rvm/rubies/ruby-1.9.3-p194/lib/ruby/1.9.1/webrick/server.rb:191:in `block in start_thread'


  Rendered /usr/local/rvm/gems/ruby-1.9.3-p194@rubyfall2012/gems/actionpack-3.2.11/lib/action_dispatch/middleware/templates/rescues/_trace.erb (1.6ms)
  Rendered /usr/local/rvm/gems/ruby-1.9.3-p194@rubyfall2012/gems/actionpack-3.2.11/lib/action_dispatch/middleware/templates/rescues/_request_and_response.erb (1.2ms)
  Rendered /usr/local/rvm/gems/ruby-1.9.3-p194@rubyfall2012/gems/actionpack-3.2.11/lib/action_dispatch/middleware/templates/rescues/diagnostics.erb within rescues/layout (10.7ms)


Started GET "/projects/1" for 127.0.0.1 at 2013-01-20 15:52:44 -0800

SyntaxError (/Users/brianward/Sites/ticketee/app/controllers/projects_controller.rb:25: syntax error, unexpected $end, expecting keyword_end):
  activesupport (3.2.11) lib/active_support/dependencies.rb:469:in `load'
  activesupport (3.2.11) lib/active_support/dependencies.rb:469:in `block in load_file'
  activesupport (3.2.11) lib/active_support/dependencies.rb:639:in `new_constants_in'
  activesupport (3.2.11) lib/active_support/dependencies.rb:468:in `load_file'
  activesupport (3.2.11) lib/active_support/dependencies.rb:353:in `require_or_load'
  activesupport (3.2.11) lib/active_support/dependencies.rb:502:in `load_missing_constant'
  activesupport (3.2.11) lib/active_support/dependencies.rb:192:in `block in const_missing'
  activesupport (3.2.11) lib/active_support/dependencies.rb:190:in `each'
  activesupport (3.2.11) lib/active_support/dependencies.rb:190:in `const_missing'
  activesupport (3.2.11) lib/active_support/inflector/methods.rb:230:in `block in constantize'
  activesupport (3.2.11) lib/active_support/inflector/methods.rb:229:in `each'
  activesupport (3.2.11) lib/active_support/inflector/methods.rb:229:in `constantize'
  activesupport (3.2.11) lib/active_support/dependencies.rb:554:in `get'
  actionpack (3.2.11) lib/action_dispatch/routing/route_set.rb:69:in `controller_reference'
  actionpack (3.2.11) lib/action_dispatch/routing/route_set.rb:54:in `controller'
  actionpack (3.2.11) lib/action_dispatch/routing/route_set.rb:32:in `call'
  journey (1.0.4) lib/journey/router.rb:68:in `block in call'
  journey (1.0.4) lib/journey/router.rb:56:in `each'
  journey (1.0.4) lib/journey/router.rb:56:in `call'
  actionpack (3.2.11) lib/action_dispatch/routing/route_set.rb:601:in `call'
  actionpack (3.2.11) lib/action_dispatch/middleware/best_standards_support.rb:17:in `call'
  rack (1.4.4) lib/rack/etag.rb:23:in `call'
  rack (1.4.4) lib/rack/conditionalget.rb:25:in `call'
  actionpack (3.2.11) lib/action_dispatch/middleware/head.rb:14:in `call'
  actionpack (3.2.11) lib/action_dispatch/middleware/params_parser.rb:21:in `call'
  actionpack (3.2.11) lib/action_dispatch/middleware/flash.rb:242:in `call'
  rack (1.4.4) lib/rack/session/abstract/id.rb:210:in `context'
  rack (1.4.4) lib/rack/session/abstract/id.rb:205:in `call'
  actionpack (3.2.11) lib/action_dispatch/middleware/cookies.rb:341:in `call'
  activerecord (3.2.11) lib/active_record/query_cache.rb:64:in `call'
  activerecord (3.2.11) lib/active_record/connection_adapters/abstract/connection_pool.rb:479:in `call'
  actionpack (3.2.11) lib/action_dispatch/middleware/callbacks.rb:28:in `block in call'
  activesupport (3.2.11) lib/active_support/callbacks.rb:405:in `_run__1987151485695025267__call__1977677752829919833__callbacks'
  activesupport (3.2.11) lib/active_support/callbacks.rb:405:in `__run_callback'
  activesupport (3.2.11) lib/active_support/callbacks.rb:385:in `_run_call_callbacks'
  activesupport (3.2.11) lib/active_support/callbacks.rb:81:in `run_callbacks'
  actionpack (3.2.11) lib/action_dispatch/middleware/callbacks.rb:27:in `call'
  actionpack (3.2.11) lib/action_dispatch/middleware/reloader.rb:65:in `call'
  actionpack (3.2.11) lib/action_dispatch/middleware/remote_ip.rb:31:in `call'
  actionpack (3.2.11) lib/action_dispatch/middleware/debug_exceptions.rb:16:in `call'
  actionpack (3.2.11) lib/action_dispatch/middleware/show_exceptions.rb:56:in `call'
  railties (3.2.11) lib/rails/rack/logger.rb:32:in `call_app'
  railties (3.2.11) lib/rails/rack/logger.rb:16:in `block in call'
  activesupport (3.2.11) lib/active_support/tagged_logging.rb:22:in `tagged'
  railties (3.2.11) lib/rails/rack/logger.rb:16:in `call'
  actionpack (3.2.11) lib/action_dispatch/middleware/request_id.rb:22:in `call'
  rack (1.4.4) lib/rack/methodoverride.rb:21:in `call'
  rack (1.4.4) lib/rack/runtime.rb:17:in `call'
  activesupport (3.2.11) lib/active_support/cache/strategy/local_cache.rb:72:in `call'
  rack (1.4.4) lib/rack/lock.rb:15:in `call'
  actionpack (3.2.11) lib/action_dispatch/middleware/static.rb:62:in `call'
  railties (3.2.11) lib/rails/engine.rb:479:in `call'
  railties (3.2.11) lib/rails/application.rb:223:in `call'
  rack (1.4.4) lib/rack/content_length.rb:14:in `call'
  railties (3.2.11) lib/rails/rack/log_tailer.rb:17:in `call'
  rack (1.4.4) lib/rack/handler/webrick.rb:59:in `service'
  /usr/local/rvm/rubies/ruby-1.9.3-p194/lib/ruby/1.9.1/webrick/httpserver.rb:138:in `service'
  /usr/local/rvm/rubies/ruby-1.9.3-p194/lib/ruby/1.9.1/webrick/httpserver.rb:94:in `run'
  /usr/local/rvm/rubies/ruby-1.9.3-p194/lib/ruby/1.9.1/webrick/server.rb:191:in `block in start_thread'


  Rendered /usr/local/rvm/gems/ruby-1.9.3-p194@rubyfall2012/gems/actionpack-3.2.11/lib/action_dispatch/middleware/templates/rescues/_trace.erb (1.6ms)
  Rendered /usr/local/rvm/gems/ruby-1.9.3-p194@rubyfall2012/gems/actionpack-3.2.11/lib/action_dispatch/middleware/templates/rescues/_request_and_response.erb (1.2ms)
  Rendered /usr/local/rvm/gems/ruby-1.9.3-p194@rubyfall2012/gems/actionpack-3.2.11/lib/action_dispatch/middleware/templates/rescues/diagnostics.erb within rescues/layout (11.6ms)


Started GET "/projects/1" for 127.0.0.1 at 2013-01-20 15:53:31 -0800

SyntaxError (/Users/brianward/Sites/ticketee/app/controllers/projects_controller.rb:25: syntax error, unexpected $end, expecting keyword_end):
  activesupport (3.2.11) lib/active_support/dependencies.rb:469:in `load'
  activesupport (3.2.11) lib/active_support/dependencies.rb:469:in `block in load_file'
  activesupport (3.2.11) lib/active_support/dependencies.rb:639:in `new_constants_in'
  activesupport (3.2.11) lib/active_support/dependencies.rb:468:in `load_file'
  activesupport (3.2.11) lib/active_support/dependencies.rb:353:in `require_or_load'
  activesupport (3.2.11) lib/active_support/dependencies.rb:502:in `load_missing_constant'
  activesupport (3.2.11) lib/active_support/dependencies.rb:192:in `block in const_missing'
  activesupport (3.2.11) lib/active_support/dependencies.rb:190:in `each'
  activesupport (3.2.11) lib/active_support/dependencies.rb:190:in `const_missing'
  activesupport (3.2.11) lib/active_support/inflector/methods.rb:230:in `block in constantize'
  activesupport (3.2.11) lib/active_support/inflector/methods.rb:229:in `each'
  activesupport (3.2.11) lib/active_support/inflector/methods.rb:229:in `constantize'
  activesupport (3.2.11) lib/active_support/dependencies.rb:554:in `get'
  actionpack (3.2.11) lib/action_dispatch/routing/route_set.rb:69:in `controller_reference'
  actionpack (3.2.11) lib/action_dispatch/routing/route_set.rb:54:in `controller'
  actionpack (3.2.11) lib/action_dispatch/routing/route_set.rb:32:in `call'
  journey (1.0.4) lib/journey/router.rb:68:in `block in call'
  journey (1.0.4) lib/journey/router.rb:56:in `each'
  journey (1.0.4) lib/journey/router.rb:56:in `call'
  actionpack (3.2.11) lib/action_dispatch/routing/route_set.rb:601:in `call'
  actionpack (3.2.11) lib/action_dispatch/middleware/best_standards_support.rb:17:in `call'
  rack (1.4.4) lib/rack/etag.rb:23:in `call'
  rack (1.4.4) lib/rack/conditionalget.rb:25:in `call'
  actionpack (3.2.11) lib/action_dispatch/middleware/head.rb:14:in `call'
  actionpack (3.2.11) lib/action_dispatch/middleware/params_parser.rb:21:in `call'
  actionpack (3.2.11) lib/action_dispatch/middleware/flash.rb:242:in `call'
  rack (1.4.4) lib/rack/session/abstract/id.rb:210:in `context'
  rack (1.4.4) lib/rack/session/abstract/id.rb:205:in `call'
  actionpack (3.2.11) lib/action_dispatch/middleware/cookies.rb:341:in `call'
  activerecord (3.2.11) lib/active_record/query_cache.rb:64:in `call'
  activerecord (3.2.11) lib/active_record/connection_adapters/abstract/connection_pool.rb:479:in `call'
  actionpack (3.2.11) lib/action_dispatch/middleware/callbacks.rb:28:in `block in call'
  activesupport (3.2.11) lib/active_support/callbacks.rb:405:in `_run__1987151485695025267__call__1977677752829919833__callbacks'
  activesupport (3.2.11) lib/active_support/callbacks.rb:405:in `__run_callback'
  activesupport (3.2.11) lib/active_support/callbacks.rb:385:in `_run_call_callbacks'
  activesupport (3.2.11) lib/active_support/callbacks.rb:81:in `run_callbacks'
  actionpack (3.2.11) lib/action_dispatch/middleware/callbacks.rb:27:in `call'
  actionpack (3.2.11) lib/action_dispatch/middleware/reloader.rb:65:in `call'
  actionpack (3.2.11) lib/action_dispatch/middleware/remote_ip.rb:31:in `call'
  actionpack (3.2.11) lib/action_dispatch/middleware/debug_exceptions.rb:16:in `call'
  actionpack (3.2.11) lib/action_dispatch/middleware/show_exceptions.rb:56:in `call'
  railties (3.2.11) lib/rails/rack/logger.rb:32:in `call_app'
  railties (3.2.11) lib/rails/rack/logger.rb:16:in `block in call'
  activesupport (3.2.11) lib/active_support/tagged_logging.rb:22:in `tagged'
  railties (3.2.11) lib/rails/rack/logger.rb:16:in `call'
  actionpack (3.2.11) lib/action_dispatch/middleware/request_id.rb:22:in `call'
  rack (1.4.4) lib/rack/methodoverride.rb:21:in `call'
  rack (1.4.4) lib/rack/runtime.rb:17:in `call'
  activesupport (3.2.11) lib/active_support/cache/strategy/local_cache.rb:72:in `call'
  rack (1.4.4) lib/rack/lock.rb:15:in `call'
  actionpack (3.2.11) lib/action_dispatch/middleware/static.rb:62:in `call'
  railties (3.2.11) lib/rails/engine.rb:479:in `call'
  railties (3.2.11) lib/rails/application.rb:223:in `call'
  rack (1.4.4) lib/rack/content_length.rb:14:in `call'
  railties (3.2.11) lib/rails/rack/log_tailer.rb:17:in `call'
  rack (1.4.4) lib/rack/handler/webrick.rb:59:in `service'
  /usr/local/rvm/rubies/ruby-1.9.3-p194/lib/ruby/1.9.1/webrick/httpserver.rb:138:in `service'
  /usr/local/rvm/rubies/ruby-1.9.3-p194/lib/ruby/1.9.1/webrick/httpserver.rb:94:in `run'
  /usr/local/rvm/rubies/ruby-1.9.3-p194/lib/ruby/1.9.1/webrick/server.rb:191:in `block in start_thread'


  Rendered /usr/local/rvm/gems/ruby-1.9.3-p194@rubyfall2012/gems/actionpack-3.2.11/lib/action_dispatch/middleware/templates/rescues/_trace.erb (1.6ms)
  Rendered /usr/local/rvm/gems/ruby-1.9.3-p194@rubyfall2012/gems/actionpack-3.2.11/lib/action_dispatch/middleware/templates/rescues/_request_and_response.erb (1.2ms)
  Rendered /usr/local/rvm/gems/ruby-1.9.3-p194@rubyfall2012/gems/actionpack-3.2.11/lib/action_dispatch/middleware/templates/rescues/diagnostics.erb within rescues/layout (10.2ms)


Started GET "/projects/1" for 127.0.0.1 at 2013-01-20 15:53:46 -0800
Processing by ProjectsController#show as HTML
  Parameters: {"id"=>"1"}
  [1m[36mProject Load (0.2ms)[0m  [1mSELECT "projects".* FROM "projects" WHERE "projects"."id" = ? LIMIT 1[0m  [["id", "1"]]
  Rendered projects/show.html.erb within layouts/application (0.5ms)
Completed 200 OK in 71ms (Views: 16.6ms | ActiveRecord: 2.2ms)


Started GET "/assets/application.css?body=1" for 127.0.0.1 at 2013-01-20 15:53:47 -0800
Served asset /application.css - 200 OK (3ms)


Started GET "/assets/jquery.js?body=1" for 127.0.0.1 at 2013-01-20 15:53:47 -0800
Served asset /jquery.js - 200 OK (2ms)


Started GET "/assets/jquery_ujs.js?body=1" for 127.0.0.1 at 2013-01-20 15:53:47 -0800
Served asset /jquery_ujs.js - 200 OK (2ms)


Started GET "/assets/projects.js?body=1" for 127.0.0.1 at 2013-01-20 15:53:47 -0800
Served asset /projects.js - 200 OK (2ms)


Started GET "/assets/application.js?body=1" for 127.0.0.1 at 2013-01-20 15:53:47 -0800
Served asset /application.js - 200 OK (8ms)


Started GET "/" for 127.0.0.1 at 2013-01-20 15:53:49 -0800
Processing by ProjectsController#index as HTML
  Rendered projects/index.html.erb within layouts/application (0.9ms)
Completed 200 OK in 6ms (Views: 5.9ms | ActiveRecord: 0.0ms)


Started GET "/projects/new" for 127.0.0.1 at 2013-01-20 15:53:52 -0800
Processing by ProjectsController#new as HTML
  Rendered projects/new.html.erb within layouts/application (12.0ms)
Completed 200 OK in 18ms (Views: 17.0ms | ActiveRecord: 0.0ms)


Started POST "/projects" for 127.0.0.1 at 2013-01-20 15:54:00 -0800
Processing by ProjectsController#create as HTML
  Parameters: {"utf8"=>"✓", "authenticity_token"=>"8WhYpC6cYLl5JWM3FWFGvN3MwkMoNBPqktz0d0MOJDc=", "project"=>{"name"=>"Test again", "description"=>"test again again"}, "commit"=>"Create Project"}
  [1m[35m (0.1ms)[0m  begin transaction
  [1m[36mSQL (5.1ms)[0m  [1mINSERT INTO "projects" ("created_at", "description", "name", "updated_at") VALUES (?, ?, ?, ?)[0m  [["created_at", Sun, 20 Jan 2013 23:54:00 UTC +00:00], ["description", "test again again"], ["name", "Test again"], ["updated_at", Sun, 20 Jan 2013 23:54:00 UTC +00:00]]
  [1m[35m (5.5ms)[0m  commit transaction
Redirected to http://localhost:3000/projects/2
Completed 302 Found in 16ms (ActiveRecord: 10.7ms)


Started GET "/projects/2" for 127.0.0.1 at 2013-01-20 15:54:00 -0800
Processing by ProjectsController#show as HTML
  Parameters: {"id"=>"2"}
  [1m[36mProject Load (0.1ms)[0m  [1mSELECT "projects".* FROM "projects" WHERE "projects"."id" = ? LIMIT 1[0m  [["id", "2"]]
  Rendered projects/show.html.erb within layouts/application (0.1ms)
Completed 200 OK in 6ms (Views: 4.6ms | ActiveRecord: 0.1ms)
