Compiled jquery.js  (2ms)  (pid 32992)
Compiled jquery_ujs.js  (0ms)  (pid 32992)
Compiled projects.js  (99ms)  (pid 32992)
Compiled application.js  (128ms)  (pid 32992)
Compiled application.css  (0ms)  (pid 32992)
Compiled jquery.js  (2ms)  (pid 32992)
Compiled jquery_ujs.js  (0ms)  (pid 32992)
Compiled projects.js  (102ms)  (pid 32992)
Compiled application.js  (128ms)  (pid 32992)
Compiled application.css  (0ms)  (pid 32992)
Connecting to database specified by database.yml
Migrating to CreateProjects (20130120230123)
Connecting to database specified by database.yml
Started GET "/" for 127.0.0.1 at 2013-01-27 09:35:41 -0800
Processing by ProjectsController#index as HTML
  Rendered projects/index.html.erb within layouts/application (2.7ms)
Completed 200 OK in 66ms (Views: 36.7ms | ActiveRecord: 2.2ms)
Started GET "/projects/not-here" for 127.0.0.1 at 2013-01-27 09:36:01 -0800
Processing by ProjectsController#show as HTML
  Parameters: {"id"=>"not-here"}
Completed 404 Not Found in 3ms

ActiveRecord::RecordNotFound (Couldn't find Project with id=not-here):
  app/controllers/projects_controller.rb:38:in `show'


Compiled jquery.js  (3ms)  (pid 22677)
Compiled jquery_ujs.js  (0ms)  (pid 22677)
Compiled admin/permissions.js  (122ms)  (pid 22677)
Compiled admin/users.js  (76ms)  (pid 22677)
Compiled files.js  (63ms)  (pid 22677)
Compiled projects.js  (101ms)  (pid 22677)
Compiled tickets.js  (74ms)  (pid 22677)
Compiled users.js  (66ms)  (pid 22677)
Compiled application.js  (606ms)  (pid 22677)
Compiled application.css  (0ms)  (pid 22677)
Compiled jquery.js  (2ms)  (pid 22677)
Compiled jquery_ujs.js  (0ms)  (pid 22677)
Compiled admin/permissions.js  (105ms)  (pid 22677)
Compiled admin/users.js  (74ms)  (pid 22677)
Compiled files.js  (64ms)  (pid 22677)
Compiled projects.js  (95ms)  (pid 22677)
Compiled tickets.js  (71ms)  (pid 22677)
Compiled users.js  (66ms)  (pid 22677)
Compiled application.js  (545ms)  (pid 22677)
Compiled application.css  (0ms)  (pid 22677)
